<?xml version="1.0" encoding="UTF-8"?>
<!-- Generated by org.testng.reporters.JUnitReportReporter -->
<testsuite hostname="menyz.local" name="com.pp.android.auto.SendReport" tests="1" failures="0" timestamp="23 Mar 2015 13:29:15 GMT" time="12.904" errors="0">
  <testcase name="sendMail" time="12.904" classname="com.pp.android.auto.SendReport"/>
</testsuite> <!-- com.pp.android.auto.SendReport -->
