<?xml version="1.0" encoding="UTF-8"?>
<!-- Generated by org.testng.reporters.JUnitReportReporter -->
<testsuite hostname="SGMacBookPROs-MacBook-Pro.local" name="com.pp.android.auto.SanityAndroid" tests="1" failures="0" timestamp="25 Mar 2015 20:24:53 GMT" time="64.266" errors="0">
  <testcase name="badCredentials" time="64.266" classname="com.pp.android.auto.SanityAndroid"/>
</testsuite> <!-- com.pp.android.auto.SanityAndroid -->
