<?xml version="1.0" encoding="UTF-8"?>
<!-- Generated by org.testng.reporters.JUnitReportReporter -->
<testsuite hostname="SGMacBookPROs-MacBook-Pro.local" name="com.pp.android.auto.SendReport" tests="1" failures="0" timestamp="25 Mar 2015 15:59:58 GMT" time="14.426" errors="0">
  <testcase name="sendMail" time="14.426" classname="com.pp.android.auto.SendReport"/>
</testsuite> <!-- com.pp.android.auto.SendReport -->
