<?xml version="1.0" encoding="UTF-8"?>
<!-- Generated by org.testng.reporters.JUnitReportReporter -->
<testsuite hostname="menyz.local" name="com.pp.android.auto.SanityAndroid" tests="1" failures="0" timestamp="20 Jan 2015 13:49:26 GMT" time="149.674" errors="0">
  <testcase name="createRestoreSnapShot" time="149.674" classname="com.pp.android.auto.SanityAndroid"/>
</testsuite> <!-- com.pp.android.auto.SanityAndroid -->
