<?xml version="1.0" encoding="UTF-8"?>
<!-- Generated by org.testng.reporters.JUnitReportReporter -->
<testsuite hostname="menyz.local" name="com.pp.android.auto.SanityAndroid" tests="2" failures="0" timestamp="15 Feb 2015 20:50:06 GMT" time="3364.600" errors="0">
  <testcase name="tour" time="1266.455" classname="com.pp.android.auto.SanityAndroid"/>
  <testcase name="createRestoreSnapShot" time="2098.145" classname="com.pp.android.auto.SanityAndroid"/>
</testsuite> <!-- com.pp.android.auto.SanityAndroid -->
