<?xml version="1.0" encoding="UTF-8"?>
<!-- Generated by org.testng.reporters.JUnitReportReporter -->
<testsuite hostname="menyz.local" name="com.pp.android.auto.SanityAndroid" tests="1" failures="0" timestamp="10 Feb 2015 20:28:11 GMT" time="21.387" errors="0">
  <testcase name="termsOfServiceAndTruste" time="21.387" classname="com.pp.android.auto.SanityAndroid"/>
</testsuite> <!-- com.pp.android.auto.SanityAndroid -->
