<?xml version="1.0" encoding="UTF-8"?>
<!-- Generated by org.testng.reporters.JUnitReportReporter -->
<testsuite hostname="menyz.local" name="com.pp.android.auto.SanityAndroid" tests="1" failures="0" timestamp="8 Jan 2015 09:43:49 GMT" time="532.096" errors="0">
  <testcase name="testTour" time="532.096" classname="com.pp.android.auto.SanityAndroid"/>
</testsuite> <!-- com.pp.android.auto.SanityAndroid -->
