<?xml version="1.0" encoding="UTF-8"?>
<!-- Generated by org.testng.reporters.JUnitReportReporter -->
<testsuite hostname="menyz.local" name="com.pp.android.auto.SendReport" tests="1" failures="0" timestamp="11 Feb 2015 19:32:14 GMT" time="5.599" errors="0">
  <testcase name="sendMail" time="5.599" classname="com.pp.android.auto.SendReport"/>
</testsuite> <!-- com.pp.android.auto.SendReport -->
