<?xml version="1.0" encoding="UTF-8"?>
<!-- Generated by org.testng.reporters.JUnitReportReporter -->
<testsuite hostname="menyz.local" name="com.pp.android.auto.SendReport" tests="1" failures="0" timestamp="21 Feb 2015 19:20:50 GMT" time="4.009" errors="0">
  <testcase name="sendMail" time="4.009" classname="com.pp.android.auto.SendReport"/>
</testsuite> <!-- com.pp.android.auto.SendReport -->
