<?xml version="1.0" encoding="UTF-8"?>
<!-- Generated by org.testng.reporters.JUnitReportReporter -->
<testsuite hostname="menyz.local" name="com.pp.android.auto.SanityAndroid" tests="1" failures="0" timestamp="10 Feb 2015 14:06:54 GMT" time="40.344" errors="0">
  <testcase name="createNewUser" time="40.344" classname="com.pp.android.auto.SanityAndroid"/>
</testsuite> <!-- com.pp.android.auto.SanityAndroid -->
